<?xml version="1.0" encoding="UTF-8"?>
<!-- Generated by org.testng.reporters.JUnitReportReporter -->
<testsuite hostname="shubhambarge16" failures="0" tests="1" name="aseleniumPOMClasses.TC02_VerifyLogOutFunctionality" time="4.872" errors="0" timestamp="2025-04-19T19:37:50 IST" skipped="0">
  <testcase classname="aseleniumPOMClasses.TC02_VerifyLogOutFunctionality" name="TC02_VerifyLogOutFunctionality" time="4.872"/>
  <system-out/>
</testsuite> <!-- aseleniumPOMClasses.TC02_VerifyLogOutFunctionality -->
