<?xml version="1.0" encoding="UTF-8"?>
<!-- Generated by org.testng.reporters.JUnitReportReporter -->
<testsuite hostname="shubhambarge16" failures="0" tests="1" name="testNGPackage.TestNGClass" time="0.012" errors="0" timestamp="2025-04-14T10:19:30 IST" skipped="0">
  <testcase classname="testNGPackage.TestNGClass" name="method2" time="0.012"/>
  <system-out/>
</testsuite> <!-- testNGPackage.TestNGClass -->
