<?xml version="1.0" encoding="UTF-8"?>
<!-- Generated by org.testng.reporters.JUnitReportReporter -->
<testsuite hostname="shubhambarge16" failures="0" tests="1" name="aseleniumPOMClasses.TC01_VerifyLoginFunctionality" time="5.036" errors="0" timestamp="2025-04-19T19:37:50 IST" skipped="0">
  <testcase classname="aseleniumPOMClasses.TC01_VerifyLoginFunctionality" name="TC01_VerifyLoginFunctionality" time="5.036"/>
  <system-out/>
</testsuite> <!-- aseleniumPOMClasses.TC01_VerifyLoginFunctionality -->
