<?xml version="1.0" encoding="UTF-8"?>
<!-- Generated by org.testng.reporters.JUnitReportReporter -->
<testsuite hostname="ShubhamBarge16" failures="0" tests="1" name="testNGPack.TestNGClass" time="0.011" errors="0" timestamp="2022-11-14T20:25:29 IST" skipped="0">
  <testcase classname="testNGPack.TestNGClass" name="method1" time="0.011"/>
  <system-out/>
</testsuite> <!-- testNGPack.TestNGClass -->
