<?xml version="1.0" encoding="UTF-8"?>
<!-- Generated by org.testng.reporters.JUnitReportReporter -->
<testsuite hostname="ShubhamBarge16" failures="0" tests="1" name="testNGPack.TestNGClass" time="0.014" errors="0" timestamp="2022-11-15T22:36:35 IST" skipped="0">
  <testcase classname="testNGPack.TestNGClass" name="method1" time="0.014"/>
  <system-out/>
</testsuite> <!-- testNGPack.TestNGClass -->
