<?xml version="1.0" encoding="UTF-8"?>
<!-- Generated by org.testng.reporters.JUnitReportReporter -->
<testsuite hostname="shubhambarge16" failures="0" tests="1" name="testNGPackage.SoftAssertions3" time="0.011" errors="0" timestamp="2025-04-18T18:08:30 IST" skipped="0">
  <testcase classname="testNGPackage.SoftAssertions3" name="TestA" time="0.011"/>
  <system-out/>
</testsuite> <!-- testNGPackage.SoftAssertions3 -->
