<?xml version="1.0" encoding="UTF-8"?>
<!-- Generated by org.testng.reporters.JUnitReportReporter -->
<testsuite hostname="shubhambarge16" failures="0" tests="4" name="testNGPackage.Keyword3Enabled" time="0.012" errors="0" timestamp="2025-04-17T10:34:55 IST" skipped="1">
  <testcase classname="testNGPackage.Keyword3Enabled" name="TestC" time="0.001"/>
  <system-out/>
  <testcase classname="testNGPackage.Keyword3Enabled" name="TestD" time="0.001"/>
  <system-out/>
  <testcase classname="testNGPackage.Keyword3Enabled" name="TestA" time="0.010"/>
  <system-out/>
  <testcase classname="testNGPackage.Keyword3Enabled" name="TestB">
    <skipped/>
  </testcase> <!-- TestB -->
  <system-out/>
</testsuite> <!-- testNGPackage.Keyword3Enabled -->
