<?xml version="1.0" encoding="UTF-8"?>
<!-- Generated by org.testng.reporters.JUnitReportReporter -->
<testsuite hostname="shubhambarge16" failures="0" tests="5" name="testNGPackage.TestNGKeywords1" time="0.015" errors="0" timestamp="2025-04-16T19:38:01 IST" skipped="0">
  <testcase classname="testNGPackage.TestNGKeywords1" name="TestA" time="0.009"/>
  <system-out/>
  <testcase classname="testNGPackage.TestNGKeywords1" name="TestD" time="0.002"/>
  <system-out/>
  <testcase classname="testNGPackage.TestNGKeywords1" name="TestE" time="0.002"/>
  <system-out/>
  <testcase classname="testNGPackage.TestNGKeywords1" name="TestB" time="0.001"/>
  <system-out/>
  <testcase classname="testNGPackage.TestNGKeywords1" name="TestC" time="0.001"/>
  <system-out/>
</testsuite> <!-- testNGPackage.TestNGKeywords1 -->
