<?xml version="1.0" encoding="UTF-8"?>
<!-- Generated by org.testng.reporters.JUnitReportReporter -->
<testsuite hostname="shubhambarge16" failures="0" tests="10" name="testNGPackage.TestNGKeywords2" time="0.024" errors="0" timestamp="2025-04-16T22:57:26 IST" skipped="0">
  <testcase classname="testNGPackage.TestNGKeywords2" name="TestC" time="0.001"/>
  <system-out/>
  <testcase classname="testNGPackage.TestNGKeywords2" name="TestC" time="0.001"/>
  <system-out/>
  <testcase classname="testNGPackage.TestNGKeywords2" name="TestC" time="0.001"/>
  <system-out/>
  <testcase classname="testNGPackage.TestNGKeywords2" name="TestC" time="0.012"/>
  <system-out/>
  <testcase classname="testNGPackage.TestNGKeywords2" name="TestC" time="0.001"/>
  <system-out/>
  <testcase classname="testNGPackage.TestNGKeywords2" name="TestA" time="0.003"/>
  <system-out/>
  <testcase classname="testNGPackage.TestNGKeywords2" name="TestA" time="0.002"/>
  <system-out/>
  <testcase classname="testNGPackage.TestNGKeywords2" name="TestA" time="0.001"/>
  <system-out/>
  <testcase classname="testNGPackage.TestNGKeywords2" name="TestB" time="0.001"/>
  <system-out/>
  <testcase classname="testNGPackage.TestNGKeywords2" name="TestB" time="0.001"/>
  <system-out/>
</testsuite> <!-- testNGPackage.TestNGKeywords2 -->
