<?xml version="1.0" encoding="UTF-8"?>
<!-- Generated by org.testng.reporters.JUnitReportReporter -->
<testsuite hostname="shubhambarge16" failures="0" tests="2" name="testNGPackage.TestNGAnnotations2" time="0.013" errors="0" timestamp="2025-04-19T17:31:13 IST" skipped="0">
  <testcase classname="testNGPackage.TestNGAnnotations2" name="logOutTest" time="0.011"/>
  <system-out/>
  <testcase classname="testNGPackage.TestNGAnnotations2" name="loginTest" time="0.002"/>
  <system-out/>
</testsuite> <!-- testNGPackage.TestNGAnnotations2 -->
