<?xml version="1.0" encoding="UTF-8"?>
<!-- Generated by org.testng.reporters.JUnitReportReporter -->
<testsuite hostname="ShubhamBarge16" failures="0" tests="1" name="btestNGPack.TestNGClass" time="0.015" errors="0" timestamp="2023-03-19T14:23:24 IST" skipped="0">
  <testcase classname="btestNGPack.TestNGClass" name="method1" time="0.015"/>
  <system-out/>
</testsuite> <!-- btestNGPack.TestNGClass -->
