<?xml version="1.0" encoding="UTF-8"?>
<!-- Generated by org.testng.reporters.JUnitReportReporter -->
<testsuite hostname="ShubhamBarge16" failures="0" tests="1" name="btestNGPack.TestNGClass" time="0.012" errors="0" timestamp="2023-01-06T21:56:02 IST" skipped="0">
  <testcase classname="btestNGPack.TestNGClass" name="method1" time="0.012"/>
  <system-out/>
</testsuite> <!-- btestNGPack.TestNGClass -->
